Added Component: Designator=*1(PCBComponent_1 - duplicate)
Add Component: Footprint Not Found PCBComponent_1
Added Component: Designator=1SMA4731A(SOD123)
Add component (AddParameter): Name = "ComponentLink1Description"; Value = "Manufacturer Link"; VariantName = "[No Variations]"
Add component (AddParameter): Name = "ComponentLink1URL"; Value = ""; VariantName = "[No Variations]"
Add component (AddParameter): Name = "ComponentLink2Description"; Value = "Datasheet"; VariantName = "[No Variations]"
Add component (AddParameter): Name = "DatasheetVersion"; Value = ""; VariantName = "[No Variations]"
Add component (AddParameter): Name = "LatestRevisionDate"; Value = ""; VariantName = "[No Variations]"
Add component (AddParameter): Name = "LatestRevisionNote"; Value = ""; VariantName = "[No Variations]"
Add component (AddParameter): Name = "PackageDescription"; Value = "DIODE GEN ZENER"; VariantName = "[No Variations]"
Add component (AddParameter): Name = "PackageReference"; Value = "DO 35"; VariantName = "[No Variations]"
Add component (AddParameter): Name = "PackageVersion"; Value = "2017-1-12"; VariantName = "[No Variations]"
Add component (AddParameter): Name = "PART.NO"; Value = ""; VariantName = "[No Variations]"
Add component (AddParameter): Name = "Published"; Value = "2017-1-12"; VariantName = "[No Variations]"
Add component (AddParameter): Name = "Publisher"; Value = "Abbas Basereh"; VariantName = "[No Variations]"
Add component (AddParameter): Name = "VALUE"; Value = "12V"; VariantName = "[No Variations]"
Added Component: Designator=1(SOD123)
Add component (AddParameter): Name = "ComponentLink1Description"; Value = "Manufacturer Link"; VariantName = "[No Variations]"
Add component (AddParameter): Name = "ComponentLink1URL"; Value = ""; VariantName = "[No Variations]"
Add component (AddParameter): Name = "ComponentLink2Description"; Value = "Datasheet"; VariantName = "[No Variations]"
Add component (AddParameter): Name = "DatasheetVersion"; Value = ""; VariantName = "[No Variations]"
Add component (AddParameter): Name = "LatestRevisionDate"; Value = ""; VariantName = "[No Variations]"
Add component (AddParameter): Name = "LatestRevisionNote"; Value = ""; VariantName = "[No Variations]"
Add component (AddParameter): Name = "PackageDescription"; Value = "DIODE GEN ZENER"; VariantName = "[No Variations]"
Add component (AddParameter): Name = "PackageReference"; Value = "DO 35"; VariantName = "[No Variations]"
Add component (AddParameter): Name = "PackageVersion"; Value = "2017-1-12"; VariantName = "[No Variations]"
Add component (AddParameter): Name = "PART.NO"; Value = ""; VariantName = "[No Variations]"
Add component (AddParameter): Name = "Published"; Value = "2017-1-12"; VariantName = "[No Variations]"
Add component (AddParameter): Name = "Publisher"; Value = "Abbas Basereh"; VariantName = "[No Variations]"
Add component (AddParameter): Name = "VALUE"; Value = "12V"; VariantName = "[No Variations]"
Added Component: Designator=2(TRIM_3296W1103LF)
Add component (AddParameter): Name = "Availability"; Value = "Unavailable"; VariantName = "[No Variations]"
Add component (AddParameter): Name = "Check_prices"; Value = "https://www.snapeda.com/parts/3296W1103LF/Bourns/view-part/2487625/?ref=eda"; VariantName = "[No Variations]"
Add component (AddParameter): Name = "MF"; Value = "Bourns"; VariantName = "[No Variations]"
Add component (AddParameter): Name = "MP"; Value = "3296W1103LF"; VariantName = "[No Variations]"
Add component (AddParameter): Name = "Package"; Value = "None"; VariantName = "[No Variations]"
Add component (AddParameter): Name = "Price"; Value = "None"; VariantName = "[No Variations]"
Add component (AddParameter): Name = "SnapEDA_Link"; Value = "https://www.snapeda.com/parts/3296W1103LF/Bourns/view-part/2487625/?ref=snap"; VariantName = "[No Variations]"
Add component (AddParameter): Name = "Value"; Value = ""; VariantName = "[No Variations]"
Added Component: Designator=AMS1(SOT223_M)
Add component (AddParameter): Name = "Data"; Value = "16-12-2016"; VariantName = "[No Variations]"
Add component (AddParameter): Name = "Designer"; Value = "Ali Hafizi"; VariantName = "[No Variations]"
Added Component: Designator=Battery1(HDR1X2)
Add component (AddParameter): Name = "LatestRevisionDate"; Value = "17-Jul-2002"; VariantName = "[No Variations]"
Add component (AddParameter): Name = "LatestRevisionNote"; Value = "Re-released for DXP Platform."; VariantName = "[No Variations]"
Add component (AddParameter): Name = "Publisher"; Value = "Altium Limited"; VariantName = "[No Variations]"
Added Component: Designator=Battery2(HDR1X2)
Add component (AddParameter): Name = "LatestRevisionDate"; Value = "17-Jul-2002"; VariantName = "[No Variations]"
Add component (AddParameter): Name = "LatestRevisionNote"; Value = "Re-released for DXP Platform."; VariantName = "[No Variations]"
Add component (AddParameter): Name = "Publisher"; Value = "Altium Limited"; VariantName = "[No Variations]"
Added Component: Designator=BOOT0(My_1X03)
Add component (AddParameter): Name = "LatestRevisionDate"; Value = "17-Jul-2002"; VariantName = "[No Variations]"
Add component (AddParameter): Name = "LatestRevisionNote"; Value = "Re-released for DXP Platform."; VariantName = "[No Variations]"
Add component (AddParameter): Name = "Publisher"; Value = "Altium Limited"; VariantName = "[No Variations]"
Added Component: Designator=BOOT1(My_1X03)
Add component (AddParameter): Name = "LatestRevisionDate"; Value = "17-Jul-2002"; VariantName = "[No Variations]"
Add component (AddParameter): Name = "LatestRevisionNote"; Value = "Re-released for DXP Platform."; VariantName = "[No Variations]"
Add component (AddParameter): Name = "Publisher"; Value = "Altium Limited"; VariantName = "[No Variations]"
Added Component: Designator=BZT1(SOD123)
Add component (AddParameter): Name = "ComponentLink1Description"; Value = "Manufacturer Link"; VariantName = "[No Variations]"
Add component (AddParameter): Name = "ComponentLink1URL"; Value = ""; VariantName = "[No Variations]"
Add component (AddParameter): Name = "ComponentLink2Description"; Value = "Datasheet"; VariantName = "[No Variations]"
Add component (AddParameter): Name = "DatasheetVersion"; Value = ""; VariantName = "[No Variations]"
Add component (AddParameter): Name = "LatestRevisionDate"; Value = ""; VariantName = "[No Variations]"
Add component (AddParameter): Name = "LatestRevisionNote"; Value = ""; VariantName = "[No Variations]"
Add component (AddParameter): Name = "PackageDescription"; Value = "DIODE GEN ZENER"; VariantName = "[No Variations]"
Add component (AddParameter): Name = "PackageReference"; Value = "DO 35"; VariantName = "[No Variations]"
Add component (AddParameter): Name = "PackageVersion"; Value = "2017-1-12"; VariantName = "[No Variations]"
Add component (AddParameter): Name = "PART.NO"; Value = ""; VariantName = "[No Variations]"
Add component (AddParameter): Name = "Published"; Value = "2017-1-12"; VariantName = "[No Variations]"
Add component (AddParameter): Name = "Publisher"; Value = "Abbas Basereh"; VariantName = "[No Variations]"
Add component (AddParameter): Name = "VALUE"; Value = "12V"; VariantName = "[No Variations]"
Added Component: Designator=C1(CAPC4817X12N)
Add component (AddParameter): Name = "Data"; Value = "16-12-2016"; VariantName = "[No Variations]"
Add component (AddParameter): Name = "Desc."; Value = "CAP SMD 1206"; VariantName = "[No Variations]"
Add component (AddParameter): Name = "Designer"; Value = "Abbas Basereh"; VariantName = "[No Variations]"
Added Component: Designator=C2(CAP1206)
Add component (AddParameter): Name = "Data"; Value = "2017-3-10"; VariantName = "[No Variations]"
Add component (AddParameter): Name = "Desc."; Value = "CAP SMD TOTAL PACKAGES"; VariantName = "[No Variations]"
Add component (AddParameter): Name = "Designer"; Value = "Abbas Basereh"; VariantName = "[No Variations]"
Add component (AddParameter): Name = "VALUE"; Value = "100nF"; VariantName = "[No Variations]"
Added Component: Designator=C3(CAP1206)
Add component (AddParameter): Name = "Data"; Value = "2017-3-10"; VariantName = "[No Variations]"
Add component (AddParameter): Name = "Desc."; Value = "CAP SMD TOTAL PACKAGES"; VariantName = "[No Variations]"
Add component (AddParameter): Name = "Designer"; Value = "Abbas Basereh"; VariantName = "[No Variations]"
Add component (AddParameter): Name = "VALUE"; Value = "100nF"; VariantName = "[No Variations]"
Added Component: Designator=C4(CAP1206)
Add component (AddParameter): Name = "Data"; Value = "2017-3-10"; VariantName = "[No Variations]"
Add component (AddParameter): Name = "Desc."; Value = "CAP SMD TOTAL PACKAGES"; VariantName = "[No Variations]"
Add component (AddParameter): Name = "Designer"; Value = "Abbas Basereh"; VariantName = "[No Variations]"
Add component (AddParameter): Name = "VALUE"; Value = "100nF"; VariantName = "[No Variations]"
Added Component: Designator=C5(Cap electrolitic radial 10x20-5)
Add component (AddParameter): Name = "Data"; Value = "16-12-2016"; VariantName = "[No Variations]"
Add component (AddParameter): Name = "Designer"; Value = "Abbas Basereh"; VariantName = "[No Variations]"
Add component (AddParameter): Name = "Link"; Value = ""; VariantName = "[No Variations]"
Add component (AddParameter): Name = "Manufacturer"; Value = ""; VariantName = "[No Variations]"
Add component (AddParameter): Name = "Part. No"; Value = "10uF/50V"; VariantName = "[No Variations]"
Add Component: Footprint Not Found Cap_A
Added Component: Designator=C7(CAPC4817X12N)
Add component (AddParameter): Name = "Data"; Value = "16-12-2016"; VariantName = "[No Variations]"
Add component (AddParameter): Name = "Desc."; Value = "CAP SMD 1206"; VariantName = "[No Variations]"
Add component (AddParameter): Name = "Designer"; Value = "Abbas Basereh"; VariantName = "[No Variations]"
Added Component: Designator=C8(CAPC4817X12N)
Add component (AddParameter): Name = "Data"; Value = "16-12-2016"; VariantName = "[No Variations]"
Add component (AddParameter): Name = "Desc."; Value = "CAP SMD 1206"; VariantName = "[No Variations]"
Add component (AddParameter): Name = "Designer"; Value = "Abbas Basereh"; VariantName = "[No Variations]"
Added Component: Designator=C9(CAP1206)
Add component (AddParameter): Name = "Data"; Value = "2017-3-10"; VariantName = "[No Variations]"
Add component (AddParameter): Name = "Desc."; Value = "CAP SMD TOTAL PACKAGES"; VariantName = "[No Variations]"
Add component (AddParameter): Name = "Designer"; Value = "Abbas Basereh"; VariantName = "[No Variations]"
Add component (AddParameter): Name = "VALUE"; Value = "100nF"; VariantName = "[No Variations]"
Added Component: Designator=C10(CAP1206)
Add component (AddParameter): Name = "Data"; Value = "2017-3-10"; VariantName = "[No Variations]"
Add component (AddParameter): Name = "Desc."; Value = "CAP SMD TOTAL PACKAGES"; VariantName = "[No Variations]"
Add component (AddParameter): Name = "Designer"; Value = "Abbas Basereh"; VariantName = "[No Variations]"
Add component (AddParameter): Name = "VALUE"; Value = "100nF"; VariantName = "[No Variations]"
Added Component: Designator=C11(CAPC4817X12N)
Add component (AddParameter): Name = "Data"; Value = "16-12-2016"; VariantName = "[No Variations]"
Add component (AddParameter): Name = "Desc."; Value = "CAP SMD 1206"; VariantName = "[No Variations]"
Add component (AddParameter): Name = "Designer"; Value = "Abbas Basereh"; VariantName = "[No Variations]"
Added Component: Designator=C_Crystal1(CAPC4817X12N)
Add component (AddParameter): Name = "Data"; Value = "16-12-2016"; VariantName = "[No Variations]"
Add component (AddParameter): Name = "Desc."; Value = "CAP SMD 1206"; VariantName = "[No Variations]"
Add component (AddParameter): Name = "Designer"; Value = "Abbas Basereh"; VariantName = "[No Variations]"
Added Component: Designator=C_Crystal2(CAPC4817X12N)
Add component (AddParameter): Name = "Data"; Value = "16-12-2016"; VariantName = "[No Variations]"
Add component (AddParameter): Name = "Desc."; Value = "CAP SMD 1206"; VariantName = "[No Variations]"
Add component (AddParameter): Name = "Designer"; Value = "Abbas Basereh"; VariantName = "[No Variations]"
Added Component: Designator=C_Oscillator1(CAPC4817X12N)
Add component (AddParameter): Name = "Data"; Value = "16-12-2016"; VariantName = "[No Variations]"
Add component (AddParameter): Name = "Desc."; Value = "CAP SMD 1206"; VariantName = "[No Variations]"
Add component (AddParameter): Name = "Designer"; Value = "Abbas Basereh"; VariantName = "[No Variations]"
Added Component: Designator=C_Oscillator2(CAPC4817X12N)
Add component (AddParameter): Name = "Data"; Value = "16-12-2016"; VariantName = "[No Variations]"
Add component (AddParameter): Name = "Desc."; Value = "CAP SMD 1206"; VariantName = "[No Variations]"
Add component (AddParameter): Name = "Designer"; Value = "Abbas Basereh"; VariantName = "[No Variations]"
Added Component: Designator=CByPass1(CAPC4817X12N)
Add component (AddParameter): Name = "Data"; Value = "16-12-2016"; VariantName = "[No Variations]"
Add component (AddParameter): Name = "Desc."; Value = "CAP SMD 1206"; VariantName = "[No Variations]"
Add component (AddParameter): Name = "Designer"; Value = "Abbas Basereh"; VariantName = "[No Variations]"
Added Component: Designator=CByPass2(CAPC4817X12N)
Add component (AddParameter): Name = "Data"; Value = "16-12-2016"; VariantName = "[No Variations]"
Add component (AddParameter): Name = "Desc."; Value = "CAP SMD 1206"; VariantName = "[No Variations]"
Add component (AddParameter): Name = "Designer"; Value = "Abbas Basereh"; VariantName = "[No Variations]"
Added Component: Designator=CByPass3(CAPC4817X12N)
Add component (AddParameter): Name = "Data"; Value = "16-12-2016"; VariantName = "[No Variations]"
Add component (AddParameter): Name = "Desc."; Value = "CAP SMD 1206"; VariantName = "[No Variations]"
Add component (AddParameter): Name = "Designer"; Value = "Abbas Basereh"; VariantName = "[No Variations]"
Added Component: Designator=CByPass4(CAPC4817X12N)
Add component (AddParameter): Name = "Data"; Value = "16-12-2016"; VariantName = "[No Variations]"
Add component (AddParameter): Name = "Desc."; Value = "CAP SMD 1206"; VariantName = "[No Variations]"
Add component (AddParameter): Name = "Designer"; Value = "Abbas Basereh"; VariantName = "[No Variations]"
Added Component: Designator=C VDDA1(CAPC4817X12N)
Add component (AddParameter): Name = "Data"; Value = "16-12-2016"; VariantName = "[No Variations]"
Add component (AddParameter): Name = "Desc."; Value = "CAP SMD 1206"; VariantName = "[No Variations]"
Add component (AddParameter): Name = "Designer"; Value = "Abbas Basereh"; VariantName = "[No Variations]"
Added Component: Designator=C VDDA2(CAPC4817X12N)
Add component (AddParameter): Name = "Data"; Value = "16-12-2016"; VariantName = "[No Variations]"
Add component (AddParameter): Name = "Desc."; Value = "CAP SMD 1206"; VariantName = "[No Variations]"
Add component (AddParameter): Name = "Designer"; Value = "Abbas Basereh"; VariantName = "[No Variations]"
Added Component: Designator=D1(DO-214AB(SMC))
Add component (AddParameter): Name = "Data"; Value = "16-12-2016"; VariantName = "[No Variations]"
Add component (AddParameter): Name = "Designer"; Value = "Abbas Basereh"; VariantName = "[No Variations]"
Add component (AddParameter): Name = "Link"; Value = "https://www.aliexpress.com/item/Free-shipping-100pcs-1n5822-sma-smd-do-214ac-Schottky-diode-ss34/32337482329.html?spm=2114.01010208.3.1.zLZDsP&ws_ab_test=searchweb0_0,searchweb201602_4_10065_10068_10084_10083_10080_10082_10081_10060_10061_10062_10056_10055_10054_10059_10099_10078_10079_427_10073_10103_10102_10096_10052_10050_10051,searchweb201603_4&btsid=6e50dc92-ac69-45bc-a19e-209af19ce602"; VariantName = "[No Variations]"
Add component (AddParameter): Name = "Manufacturer"; Value = "ON Semiconductor/Fairchild"; VariantName = "[No Variations]"
Add component (AddParameter): Name = "Part. No"; Value = "SS34"; VariantName = "[No Variations]"
Added Component: Designator=D2(DO-214AB(SMC))
Add component (AddParameter): Name = "Data"; Value = "16-12-2016"; VariantName = "[No Variations]"
Add component (AddParameter): Name = "Designer"; Value = "Abbas Basereh"; VariantName = "[No Variations]"
Add component (AddParameter): Name = "Link"; Value = "https://www.aliexpress.com/item/Free-shipping-100pcs-1n5822-sma-smd-do-214ac-Schottky-diode-ss34/32337482329.html?spm=2114.01010208.3.1.zLZDsP&ws_ab_test=searchweb0_0,searchweb201602_4_10065_10068_10084_10083_10080_10082_10081_10060_10061_10062_10056_10055_10054_10059_10099_10078_10079_427_10073_10103_10102_10096_10052_10050_10051,searchweb201603_4&btsid=6e50dc92-ac69-45bc-a19e-209af19ce602"; VariantName = "[No Variations]"
Add component (AddParameter): Name = "Manufacturer"; Value = "ON Semiconductor/Fairchild"; VariantName = "[No Variations]"
Add component (AddParameter): Name = "Part. No"; Value = "SS34"; VariantName = "[No Variations]"
Added Component: Designator=D3(DIOM4336X265N)
Add component (AddParameter): Name = "Availability"; Value = "In Stock"; VariantName = "[No Variations]"
Add component (AddParameter): Name = "Check_prices"; Value = "https://www.snapeda.com/parts/SMBJ16A/Taiwan+Semiconductor/view-part/?ref=eda"; VariantName = "[No Variations]"
Add component (AddParameter): Name = "MF"; Value = "Taiwan Semiconductor"; VariantName = "[No Variations]"
Add component (AddParameter): Name = "MP"; Value = "SMBJ16A"; VariantName = "[No Variations]"
Add component (AddParameter): Name = "Package"; Value = "SMD-2-2 Avago"; VariantName = "[No Variations]"
Add component (AddParameter): Name = "Price"; Value = "None"; VariantName = "[No Variations]"
Add component (AddParameter): Name = "Purchase-URL"; Value = "https://pricing.snapeda.com/search/part/SMBJ16A/?ref=eda"; VariantName = "[No Variations]"
Add component (AddParameter): Name = "SnapEDA_Link"; Value = "https://www.snapeda.com/parts/SMBJ16A/Taiwan+Semiconductor/view-part/?ref=snap"; VariantName = "[No Variations]"
Add component (AddParameter): Name = "Value"; Value = ""; VariantName = "[No Variations]"
Add Component: Footprint Not Found D_SMA
Added Component: Designator=DC Power Jack1(DC Power Jack 1)
Add component (AddParameter): Name = "Adding Date"; Value = "10/21/2009"; VariantName = "[No Variations]"
Add component (AddParameter): Name = "Company"; Value = "Personal"; VariantName = "[No Variations]"
Add component (AddParameter): Name = "Designer"; Value = "Ali Hafizi"; VariantName = "[No Variations]"
Add component (AddParameter): Name = "Project Name"; Value = "Laser"; VariantName = "[No Variations]"
Added Component: Designator=DP1(1n58XX DO-201AD)
Add component (AddParameter): Name = "Data"; Value = "16-12-2016"; VariantName = "[No Variations]"
Add component (AddParameter): Name = "Designer"; Value = "Abbas Basereh"; VariantName = "[No Variations]"
Add component (AddParameter): Name = "Link"; Value = ""; VariantName = "[No Variations]"
Add component (AddParameter): Name = "Part. No"; Value = ""; VariantName = "[No Variations]"
Added Component: Designator=DP2(1n58XX DO-201AD)
Add component (AddParameter): Name = "Data"; Value = "16-12-2016"; VariantName = "[No Variations]"
Add component (AddParameter): Name = "Designer"; Value = "Abbas Basereh"; VariantName = "[No Variations]"
Add component (AddParameter): Name = "Link"; Value = ""; VariantName = "[No Variations]"
Add component (AddParameter): Name = "Part. No"; Value = ""; VariantName = "[No Variations]"
Added Component: Designator=DP3(1n58XX DO-201AD)
Add component (AddParameter): Name = "Data"; Value = "16-12-2016"; VariantName = "[No Variations]"
Add component (AddParameter): Name = "Designer"; Value = "Abbas Basereh"; VariantName = "[No Variations]"
Add component (AddParameter): Name = "Link"; Value = ""; VariantName = "[No Variations]"
Add component (AddParameter): Name = "Part. No"; Value = ""; VariantName = "[No Variations]"
Add Component: Footprint Not Found 430X270D
Added Component: Designator=F1(1206 FUSE)
Add component (AddParameter): Name = "Data"; Value = "16-12-2016"; VariantName = "[No Variations]"
Add component (AddParameter): Name = "Desc."; Value = "SMD Fuses 1206"; VariantName = "[No Variations]"
Add component (AddParameter): Name = "Designer"; Value = "Abbas Basereh"; VariantName = "[No Variations]"
Add component (AddParameter): Name = "Link"; Value = ""; VariantName = "[No Variations]"
Add component (AddParameter): Name = "Manufacturer"; Value = ""; VariantName = "[No Variations]"
Add component (AddParameter): Name = "Part. No"; Value = ""; VariantName = "[No Variations]"
Added Component: Designator=Ferrite bead1(FB1206)
Add component (AddParameter): Name = "Designer"; Value = "Ali Hafizi"; VariantName = "[No Variations]"
Added Component: Designator=Ferrite bead2(FB1206)
Add component (AddParameter): Name = "Designer"; Value = "Ali Hafizi"; VariantName = "[No Variations]"
Add Component: Footprint Not Found TO263S
Added Component: Designator=J1(61300811821)
Add component (AddParameter): Name = "Category"; Value = "Board-to-Board Connectors"; VariantName = "[No Variations]"
Add component (AddParameter): Name = "ComponentLink1Description"; Value = "Website Link"; VariantName = "[No Variations]"
Add component (AddParameter): Name = "ComponentLink1URL"; Value = "https://www.we-online.com/redexpert/article/61300811821?ad"; VariantName = "[No Variations]"
Add component (AddParameter): Name = "ComponentLink2Description"; Value = "Datasheet Link"; VariantName = "[No Variations]"
Add component (AddParameter): Name = "ComponentLink2URL"; Value = "https://www.we-online.com/redexpert/spec/61300811821?ad"; VariantName = "[No Variations]"
Add component (AddParameter): Name = "Contact Resistance"; Value = "20mOhm"; VariantName = "[No Variations]"
Add component (AddParameter): Name = "Gender"; Value = "Socket Header"; VariantName = "[No Variations]"
Add component (AddParameter): Name = "Manufacturer"; Value = "Wurth Elektronik"; VariantName = "[No Variations]"
Add component (AddParameter): Name = "Manufacturer Part Number"; Value = "61300811821"; VariantName = "[No Variations]"
Add component (AddParameter): Name = "Match Code"; Value = "WR-PHD"; VariantName = "[No Variations]"
Add component (AddParameter): Name = "Mount"; Value = "Through Hole"; VariantName = "[No Variations]"
Add component (AddParameter): Name = "Number of Pins"; Value = "8"; VariantName = "[No Variations]"
Add component (AddParameter): Name = "Number of Rows"; Value = "1"; VariantName = "[No Variations]"
Add component (AddParameter): Name = "Operating Temperature Max"; Value = "125°C"; VariantName = "[No Variations]"
Add component (AddParameter): Name = "Operating Temperature Min"; Value = "-40°C"; VariantName = "[No Variations]"
Add component (AddParameter): Name = "Orientation"; Value = "Vertical"; VariantName = "[No Variations]"
Add component (AddParameter): Name = "Packaging"; Value = "Tray"; VariantName = "[No Variations]"
Add component (AddParameter): Name = "Pitch"; Value = "2.54mm"; VariantName = "[No Variations]"
Add component (AddParameter): Name = "Rated Current"; Value = "3A"; VariantName = "[No Variations]"
Add component (AddParameter): Name = "Withstanding Voltage"; Value = "500V"; VariantName = "[No Variations]"
Add component (AddParameter): Name = "Working Voltage"; Value = "250V"; VariantName = "[No Variations]"
Added Component: Designator=J2(61301611821)
Add component (AddParameter): Name = "Category"; Value = "Board-to-Board Connectors"; VariantName = "[No Variations]"
Add component (AddParameter): Name = "ComponentLink1Description"; Value = "Website Link"; VariantName = "[No Variations]"
Add component (AddParameter): Name = "ComponentLink1URL"; Value = "https://www.we-online.com/redexpert/article/61301611821?ad"; VariantName = "[No Variations]"
Add component (AddParameter): Name = "ComponentLink2Description"; Value = "Datasheet Link"; VariantName = "[No Variations]"
Add component (AddParameter): Name = "ComponentLink2URL"; Value = "https://www.we-online.com/redexpert/spec/61301611821?ad"; VariantName = "[No Variations]"
Add component (AddParameter): Name = "Contact Resistance"; Value = "20mOhm"; VariantName = "[No Variations]"
Add component (AddParameter): Name = "Gender"; Value = "Socket Header"; VariantName = "[No Variations]"
Add component (AddParameter): Name = "Manufacturer"; Value = "Wurth Elektronik"; VariantName = "[No Variations]"
Add component (AddParameter): Name = "Manufacturer Part Number"; Value = "61301611821"; VariantName = "[No Variations]"
Add component (AddParameter): Name = "Match Code"; Value = "WR-PHD"; VariantName = "[No Variations]"
Add component (AddParameter): Name = "Mount"; Value = "Through Hole"; VariantName = "[No Variations]"
Add component (AddParameter): Name = "Number of Pins"; Value = "16"; VariantName = "[No Variations]"
Add component (AddParameter): Name = "Number of Rows"; Value = "1"; VariantName = "[No Variations]"
Add component (AddParameter): Name = "Operating Temperature Max"; Value = "105°C"; VariantName = "[No Variations]"
Add component (AddParameter): Name = "Operating Temperature Min"; Value = "-40°C"; VariantName = "[No Variations]"
Add component (AddParameter): Name = "Orientation"; Value = "Vertical"; VariantName = "[No Variations]"
Add component (AddParameter): Name = "Packaging"; Value = "Tray"; VariantName = "[No Variations]"
Add component (AddParameter): Name = "Pitch"; Value = "2.54mm"; VariantName = "[No Variations]"
Add component (AddParameter): Name = "Rated Current"; Value = "3A"; VariantName = "[No Variations]"
Add component (AddParameter): Name = "Withstanding Voltage"; Value = "500V"; VariantName = "[No Variations]"
Add component (AddParameter): Name = "Working Voltage"; Value = "250V"; VariantName = "[No Variations]"
Added Component: Designator=L1(0805 - big)
Add component (AddParameter): Name = "Code_IEC"; Value = "1005"; VariantName = "[No Variations]"
Add component (AddParameter): Name = "Code_JEITA"; Value = "0402"; VariantName = "[No Variations]"
Add component (AddParameter): Name = "LatestRevisionDate"; Value = "17-Jul-2002"; VariantName = "[No Variations]"
Add component (AddParameter): Name = "LatestRevisionNote"; Value = "Re-released for DXP Platform."; VariantName = "[No Variations]"
Add component (AddParameter): Name = "PackageReference"; Value = "0402-A"; VariantName = "[No Variations]"
Add component (AddParameter): Name = "Published"; Value = "8-Jun-2000"; VariantName = "[No Variations]"
Add component (AddParameter): Name = "Publisher"; Value = "Altium Limited"; VariantName = "[No Variations]"
Add component (AddParameter): Name = "Value"; Value = "22uH"; VariantName = "[No Variations]"
Added Component: Designator=LCD(LCD_2X16 BLUE - 2.5mm)
Add component (AddParameter): Name = "Data"; Value = "16-12-2016"; VariantName = "[No Variations]"
Add component (AddParameter): Name = "Designer"; Value = "Abbas Basereh"; VariantName = "[No Variations]"
Added Component: Designator=LED1(LED 1206)
Added Component: Designator=LED2(LED 1206)
Added Component: Designator=LED3(LED 1206)
Added Component: Designator=LED4(LED 1206)
Added Component: Designator=LED_AMS1(LED 1206)
Added Component: Designator=LED_MP1(LED 1206)
Added Component: Designator=LM35(TO92127P521H735-3)
Add component (AddParameter): Name = "Availability"; Value = "In Stock"; VariantName = "[No Variations]"
Add component (AddParameter): Name = "Check_prices"; Value = "https://www.snapeda.com/parts/LM35DZ/Texas+Instruments/view-part/?ref=eda"; VariantName = "[No Variations]"
Add component (AddParameter): Name = "MF"; Value = "Texas Instruments"; VariantName = "[No Variations]"
Add component (AddParameter): Name = "MP"; Value = "LM35DZ"; VariantName = "[No Variations]"
Add component (AddParameter): Name = "Package"; Value = "E-PKG AXIAL-LEADED-2 ON Semiconductor"; VariantName = "[No Variations]"
Add component (AddParameter): Name = "Price"; Value = "None"; VariantName = "[No Variations]"
Add component (AddParameter): Name = "Purchase-URL"; Value = "https://pricing.snapeda.com/search/part/LM35DZ/?ref=eda"; VariantName = "[No Variations]"
Add component (AddParameter): Name = "SnapEDA_Link"; Value = "https://www.snapeda.com/parts/LM35DZ/Texas+Instruments/view-part/?ref=snap"; VariantName = "[No Variations]"
Add component (AddParameter): Name = "Value"; Value = ""; VariantName = "[No Variations]"
Added Component: Designator=MCU(STM-LQFP48_M)
Add component (AddParameter): Name = "A/D Converter"; Value = "2x12-bit (10 Channel)"; VariantName = "[No Variations]"
Add component (AddParameter): Name = "ComponentLink1Description"; Value = "Manufacturer URL"; VariantName = "[No Variations]"
Add component (AddParameter): Name = "ComponentLink1URL"; Value = "http://www.st.com/web/en/home.html"; VariantName = "[No Variations]"
Add component (AddParameter): Name = "ComponentLink2Description"; Value = "Datasheet"; VariantName = "[No Variations]"
Add component (AddParameter): Name = "ComponentLink2URL"; Value = "http://www.st.com/st-web-ui/static/active/en/resource/technical/document/datasheet/CD00161566.pdf"; VariantName = "[No Variations]"
Add component (AddParameter): Name = "ComponentLink3Description"; Value = "Package Specification"; VariantName = "[No Variations]"
Add component (AddParameter): Name = "ComponentLink3URL"; Value = "http://www.st.com/st-web-ui/static/active/en/resource/technical/document/datasheet/DM00058181.pdf"; VariantName = "[No Variations]"
Add component (AddParameter): Name = "Core"; Value = "ARM Cortex-M3"; VariantName = "[No Variations]"
Add component (AddParameter): Name = "DatasheetVersion"; Value = "Rev. 16"; VariantName = "[No Variations]"
Add component (AddParameter): Name = "FLASH Size (Prog) (kB)"; Value = "64"; VariantName = "[No Variations]"
Add component (AddParameter): Name = "I/Os (High Current)"; Value = "37"; VariantName = "[No Variations]"
Add component (AddParameter): Name = "Internal RAM Size (kB)"; Value = "20"; VariantName = "[No Variations]"
Add component (AddParameter): Name = "Mounting Technology"; Value = "Surface Mount"; VariantName = "[No Variations]"
Add component (AddParameter): Name = "Operating Frequency(F) (Processor speed) (MHz)"; Value = "72"; VariantName = "[No Variations]"
Add component (AddParameter): Name = "PackageDescription"; Value = "48-Pin Low Profile Quad Flat Package, 7 x 7 mm Body, 0.5 mm Pitch"; VariantName = "[No Variations]"
Add component (AddParameter): Name = "PackageReference"; Value = "LQFP48"; VariantName = "[No Variations]"
Add component (AddParameter): Name = "PackageVersion"; Value = "Rev. 6, 06/2013"; VariantName = "[No Variations]"
Add component (AddParameter): Name = "Packing"; Value = "Tray"; VariantName = "[No Variations]"
Add component (AddParameter): Name = "PartNumber"; Value = "STM32F103C8T6"; VariantName = "[No Variations]"
Add component (AddParameter): Name = "Supplier 1"; Value = "Digi-Key"; VariantName = "[No Variations]"
Add component (AddParameter): Name = "Supplier 2"; Value = "Farnell"; VariantName = "[No Variations]"
Add component (AddParameter): Name = "Supplier 3"; Value = "Newark"; VariantName = "[No Variations]"
Add component (AddParameter): Name = "Supplier 4"; Value = "Newark"; VariantName = "[No Variations]"
Add component (AddParameter): Name = "Supplier 5"; Value = "Mouser"; VariantName = "[No Variations]"
Add component (AddParameter): Name = "Supplier Part Number 1"; Value = "497-6063-ND"; VariantName = "[No Variations]"
Add component (AddParameter): Name = "Supplier Part Number 2"; Value = "1447637"; VariantName = "[No Variations]"
Add component (AddParameter): Name = "Supplier Part Number 3"; Value = "59M2182"; VariantName = "[No Variations]"
Add component (AddParameter): Name = "Supplier Part Number 4"; Value = "57P1222"; VariantName = "[No Variations]"
Add component (AddParameter): Name = "Supplier Part Number 5"; Value = "511-STM32F103C8T6"; VariantName = "[No Variations]"
Add component (AddParameter): Name = "Supply Voltage(Vcc) min (V)"; Value = "2"; VariantName = "[No Variations]"
Added Component: Designator=PROGRAM1(My_1X05)
Add component (AddParameter): Name = "LatestRevisionDate"; Value = "17-Jul-2002"; VariantName = "[No Variations]"
Add component (AddParameter): Name = "LatestRevisionNote"; Value = "Re-released for DXP Platform."; VariantName = "[No Variations]"
Add component (AddParameter): Name = "Publisher"; Value = "Altium Limited"; VariantName = "[No Variations]"
Added Component: Designator=Q1(SOT23_M)
Add component (AddParameter): Name = "ComponentLink1Description"; Value = "Manufacturer Link"; VariantName = "[No Variations]"
Add component (AddParameter): Name = "ComponentLink1URL"; Value = "http://www.taitroncomponents.com/"; VariantName = "[No Variations]"
Add component (AddParameter): Name = "ComponentLink2Description"; Value = "Datasheet"; VariantName = "[No Variations]"
Add component (AddParameter): Name = "ComponentLink2URL"; Value = "http://www.taitroncomponents.com/"; VariantName = "[No Variations]"
Add component (AddParameter): Name = "DatasheetVersion"; Value = "2017"; VariantName = "[No Variations]"
Add component (AddParameter): Name = "LatestRevisionDate"; Value = "2017"; VariantName = "[No Variations]"
Add component (AddParameter): Name = "LatestRevisionNote"; Value = "IPC-7351 Footprint Added."; VariantName = "[No Variations]"
Add component (AddParameter): Name = "PackageDescription"; Value = "3-Pin SOT-23 Package 0.95 mm Pitch, 2.3 mm Lead Span"; VariantName = "[No Variations]"
Add component (AddParameter): Name = "PackageReference"; Value = "SOT23"; VariantName = "[No Variations]"
Add component (AddParameter): Name = "PackageVersion"; Value = "2017-2-8"; VariantName = "[No Variations]"
Add component (AddParameter): Name = "Published"; Value = "2017-2-8"; VariantName = "[No Variations]"
Add component (AddParameter): Name = "Publisher"; Value = "Abbas Basereh"; VariantName = "[No Variations]"
Added Component: Designator=R1(1206_Res)
Add component (AddParameter): Name = "LatestRevisionDate"; Value = "17-Jul-2002"; VariantName = "[No Variations]"
Add component (AddParameter): Name = "LatestRevisionNote"; Value = "Re-released for DXP Platform."; VariantName = "[No Variations]"
Add component (AddParameter): Name = "PackageReference"; Value = "AXIAL-0.3"; VariantName = "[No Variations]"
Add component (AddParameter): Name = "Published"; Value = "8-Jun-2000"; VariantName = "[No Variations]"
Add component (AddParameter): Name = "Publisher"; Value = "Altium Limited"; VariantName = "[No Variations]"
Added Component: Designator=R2(1206_Res)
Add component (AddParameter): Name = "LatestRevisionDate"; Value = "17-Jul-2002"; VariantName = "[No Variations]"
Add component (AddParameter): Name = "LatestRevisionNote"; Value = "Re-released for DXP Platform."; VariantName = "[No Variations]"
Add component (AddParameter): Name = "PackageReference"; Value = "AXIAL-0.3"; VariantName = "[No Variations]"
Add component (AddParameter): Name = "Published"; Value = "8-Jun-2000"; VariantName = "[No Variations]"
Add component (AddParameter): Name = "Publisher"; Value = "Altium Limited"; VariantName = "[No Variations]"
Added Component: Designator=R3(RESC4817X04N)
Add component (AddParameter): Name = "Data"; Value = "16-12-2016"; VariantName = "[No Variations]"
Add component (AddParameter): Name = "Desc."; Value = "RES SMD 1206"; VariantName = "[No Variations]"
Add component (AddParameter): Name = "Designer"; Value = "Abbas Basereh"; VariantName = "[No Variations]"
Added Component: Designator=R4(RESC4817X04N)
Add component (AddParameter): Name = "Data"; Value = "16-12-2016"; VariantName = "[No Variations]"
Add component (AddParameter): Name = "Desc."; Value = "RES SMD 1206"; VariantName = "[No Variations]"
Add component (AddParameter): Name = "Designer"; Value = "Abbas Basereh"; VariantName = "[No Variations]"
Added Component: Designator=R5(RESC4817X04N)
Add component (AddParameter): Name = "Data"; Value = "16-12-2016"; VariantName = "[No Variations]"
Add component (AddParameter): Name = "Desc."; Value = "RES SMD 1206"; VariantName = "[No Variations]"
Add component (AddParameter): Name = "Designer"; Value = "Abbas Basereh"; VariantName = "[No Variations]"
Added Component: Designator=R6(RESC4817X04N)
Add component (AddParameter): Name = "Data"; Value = "16-12-2016"; VariantName = "[No Variations]"
Add component (AddParameter): Name = "Desc."; Value = "RES SMD 1206"; VariantName = "[No Variations]"
Add component (AddParameter): Name = "Designer"; Value = "Abbas Basereh"; VariantName = "[No Variations]"
Added Component: Designator=R7(RESC4817X04N)
Add component (AddParameter): Name = "Data"; Value = "16-12-2016"; VariantName = "[No Variations]"
Add component (AddParameter): Name = "Desc."; Value = "RES SMD 1206"; VariantName = "[No Variations]"
Add component (AddParameter): Name = "Designer"; Value = "Abbas Basereh"; VariantName = "[No Variations]"
Added Component: Designator=R8(RESC4817X04N)
Add component (AddParameter): Name = "Data"; Value = "16-12-2016"; VariantName = "[No Variations]"
Add component (AddParameter): Name = "Desc."; Value = "RES SMD 1206"; VariantName = "[No Variations]"
Add component (AddParameter): Name = "Designer"; Value = "Abbas Basereh"; VariantName = "[No Variations]"
Added Component: Designator=R9(RESC4817X04N)
Add component (AddParameter): Name = "Data"; Value = "16-12-2016"; VariantName = "[No Variations]"
Add component (AddParameter): Name = "Desc."; Value = "RES SMD 1206"; VariantName = "[No Variations]"
Add component (AddParameter): Name = "Designer"; Value = "Abbas Basereh"; VariantName = "[No Variations]"
Added Component: Designator=R10(RESC4817X04N)
Add component (AddParameter): Name = "Data"; Value = "16-12-2016"; VariantName = "[No Variations]"
Add component (AddParameter): Name = "Desc."; Value = "RES SMD 1206"; VariantName = "[No Variations]"
Add component (AddParameter): Name = "Designer"; Value = "Abbas Basereh"; VariantName = "[No Variations]"
Add Component: Footprint Not Found R0603
Add Component: Footprint Not Found R0603
Add Component: Footprint Not Found R0603
Added Component: Designator=R14(1206_Res)
Add component (AddParameter): Name = "LatestRevisionDate"; Value = "17-Jul-2002"; VariantName = "[No Variations]"
Add component (AddParameter): Name = "LatestRevisionNote"; Value = "Re-released for DXP Platform."; VariantName = "[No Variations]"
Add component (AddParameter): Name = "PackageReference"; Value = "AXIAL-0.3"; VariantName = "[No Variations]"
Add component (AddParameter): Name = "Published"; Value = "8-Jun-2000"; VariantName = "[No Variations]"
Add component (AddParameter): Name = "Publisher"; Value = "Altium Limited"; VariantName = "[No Variations]"
Added Component: Designator=R15(1206_Res)
Add component (AddParameter): Name = "LatestRevisionDate"; Value = "17-Jul-2002"; VariantName = "[No Variations]"
Add component (AddParameter): Name = "LatestRevisionNote"; Value = "Re-released for DXP Platform."; VariantName = "[No Variations]"
Add component (AddParameter): Name = "PackageReference"; Value = "AXIAL-0.3"; VariantName = "[No Variations]"
Add component (AddParameter): Name = "Published"; Value = "8-Jun-2000"; VariantName = "[No Variations]"
Add component (AddParameter): Name = "Publisher"; Value = "Altium Limited"; VariantName = "[No Variations]"
Added Component: Designator=R16(1206_Res)
Add component (AddParameter): Name = "LatestRevisionDate"; Value = "17-Jul-2002"; VariantName = "[No Variations]"
Add component (AddParameter): Name = "LatestRevisionNote"; Value = "Re-released for DXP Platform."; VariantName = "[No Variations]"
Add component (AddParameter): Name = "PackageReference"; Value = "AXIAL-0.3"; VariantName = "[No Variations]"
Add component (AddParameter): Name = "Published"; Value = "8-Jun-2000"; VariantName = "[No Variations]"
Add component (AddParameter): Name = "Publisher"; Value = "Altium Limited"; VariantName = "[No Variations]"
Added Component: Designator=R17(1206_Res)
Add component (AddParameter): Name = "LatestRevisionDate"; Value = "17-Jul-2002"; VariantName = "[No Variations]"
Add component (AddParameter): Name = "LatestRevisionNote"; Value = "Re-released for DXP Platform."; VariantName = "[No Variations]"
Add component (AddParameter): Name = "PackageReference"; Value = "AXIAL-0.3"; VariantName = "[No Variations]"
Add component (AddParameter): Name = "Published"; Value = "8-Jun-2000"; VariantName = "[No Variations]"
Add component (AddParameter): Name = "Publisher"; Value = "Altium Limited"; VariantName = "[No Variations]"
Added Component: Designator=R18(1206_Res)
Add component (AddParameter): Name = "LatestRevisionDate"; Value = "17-Jul-2002"; VariantName = "[No Variations]"
Add component (AddParameter): Name = "LatestRevisionNote"; Value = "Re-released for DXP Platform."; VariantName = "[No Variations]"
Add component (AddParameter): Name = "PackageReference"; Value = "AXIAL-0.3"; VariantName = "[No Variations]"
Add component (AddParameter): Name = "Published"; Value = "8-Jun-2000"; VariantName = "[No Variations]"
Add component (AddParameter): Name = "Publisher"; Value = "Altium Limited"; VariantName = "[No Variations]"
Add Component: Footprint Not Found R0603
Added Component: Designator=R20(0805)
Add component (AddParameter): Name = "LatestRevisionDate"; Value = "17-Jul-2002"; VariantName = "[No Variations]"
Add component (AddParameter): Name = "LatestRevisionNote"; Value = "Re-released for DXP Platform."; VariantName = "[No Variations]"
Add component (AddParameter): Name = "PackageReference"; Value = "AXIAL-0.3"; VariantName = "[No Variations]"
Add component (AddParameter): Name = "Published"; Value = "8-Jun-2000"; VariantName = "[No Variations]"
Add component (AddParameter): Name = "Publisher"; Value = "Altium Limited"; VariantName = "[No Variations]"
Add Component: Footprint Not Found R0603
Added Component: Designator=R_LM35(0805)
Add component (AddParameter): Name = "LatestRevisionDate"; Value = "17-Jul-2002"; VariantName = "[No Variations]"
Add component (AddParameter): Name = "LatestRevisionNote"; Value = "Re-released for DXP Platform."; VariantName = "[No Variations]"
Add component (AddParameter): Name = "PackageReference"; Value = "AXIAL-0.3"; VariantName = "[No Variations]"
Add component (AddParameter): Name = "Published"; Value = "8-Jun-2000"; VariantName = "[No Variations]"
Add component (AddParameter): Name = "Publisher"; Value = "Altium Limited"; VariantName = "[No Variations]"
Added Component: Designator=R_PWM1(0805)
Add component (AddParameter): Name = "LatestRevisionDate"; Value = "17-Jul-2002"; VariantName = "[No Variations]"
Add component (AddParameter): Name = "LatestRevisionNote"; Value = "Re-released for DXP Platform."; VariantName = "[No Variations]"
Add component (AddParameter): Name = "PackageReference"; Value = "AXIAL-0.3"; VariantName = "[No Variations]"
Add component (AddParameter): Name = "Published"; Value = "8-Jun-2000"; VariantName = "[No Variations]"
Add component (AddParameter): Name = "Publisher"; Value = "Altium Limited"; VariantName = "[No Variations]"
Added Component: Designator=R_PWM2(0805)
Add component (AddParameter): Name = "LatestRevisionDate"; Value = "17-Jul-2002"; VariantName = "[No Variations]"
Add component (AddParameter): Name = "LatestRevisionNote"; Value = "Re-released for DXP Platform."; VariantName = "[No Variations]"
Add component (AddParameter): Name = "PackageReference"; Value = "AXIAL-0.3"; VariantName = "[No Variations]"
Add component (AddParameter): Name = "Published"; Value = "8-Jun-2000"; VariantName = "[No Variations]"
Add component (AddParameter): Name = "Publisher"; Value = "Altium Limited"; VariantName = "[No Variations]"
Added Component: Designator=R_PWM3(0805)
Add component (AddParameter): Name = "LatestRevisionDate"; Value = "17-Jul-2002"; VariantName = "[No Variations]"
Add component (AddParameter): Name = "LatestRevisionNote"; Value = "Re-released for DXP Platform."; VariantName = "[No Variations]"
Add component (AddParameter): Name = "PackageReference"; Value = "AXIAL-0.3"; VariantName = "[No Variations]"
Add component (AddParameter): Name = "Published"; Value = "8-Jun-2000"; VariantName = "[No Variations]"
Add component (AddParameter): Name = "Publisher"; Value = "Altium Limited"; VariantName = "[No Variations]"
Added Component: Designator=R_PWM4(0805)
Add component (AddParameter): Name = "LatestRevisionDate"; Value = "17-Jul-2002"; VariantName = "[No Variations]"
Add component (AddParameter): Name = "LatestRevisionNote"; Value = "Re-released for DXP Platform."; VariantName = "[No Variations]"
Add component (AddParameter): Name = "PackageReference"; Value = "AXIAL-0.3"; VariantName = "[No Variations]"
Add component (AddParameter): Name = "Published"; Value = "8-Jun-2000"; VariantName = "[No Variations]"
Add component (AddParameter): Name = "Publisher"; Value = "Altium Limited"; VariantName = "[No Variations]"
Added Component: Designator=R_RST1(RESC4817X04N)
Add component (AddParameter): Name = "Data"; Value = "16-12-2016"; VariantName = "[No Variations]"
Add component (AddParameter): Name = "Desc."; Value = "RES SMD 1206"; VariantName = "[No Variations]"
Add component (AddParameter): Name = "Designer"; Value = "Abbas Basereh"; VariantName = "[No Variations]"
Added Component: Designator=RESET1(Switch - Push to On)
Added Component: Designator=RLED1(1206_Res)
Add component (AddParameter): Name = "LatestRevisionDate"; Value = "17-Jul-2002"; VariantName = "[No Variations]"
Add component (AddParameter): Name = "LatestRevisionNote"; Value = "Re-released for DXP Platform."; VariantName = "[No Variations]"
Add component (AddParameter): Name = "PackageReference"; Value = "AXIAL-0.3"; VariantName = "[No Variations]"
Add component (AddParameter): Name = "Published"; Value = "8-Jun-2000"; VariantName = "[No Variations]"
Add component (AddParameter): Name = "Publisher"; Value = "Altium Limited"; VariantName = "[No Variations]"
Added Component: Designator=RLED2(1206_Res)
Add component (AddParameter): Name = "LatestRevisionDate"; Value = "17-Jul-2002"; VariantName = "[No Variations]"
Add component (AddParameter): Name = "LatestRevisionNote"; Value = "Re-released for DXP Platform."; VariantName = "[No Variations]"
Add component (AddParameter): Name = "PackageReference"; Value = "AXIAL-0.3"; VariantName = "[No Variations]"
Add component (AddParameter): Name = "Published"; Value = "8-Jun-2000"; VariantName = "[No Variations]"
Add component (AddParameter): Name = "Publisher"; Value = "Altium Limited"; VariantName = "[No Variations]"
Added Component: Designator=RLED3(1206_Res)
Add component (AddParameter): Name = "LatestRevisionDate"; Value = "17-Jul-2002"; VariantName = "[No Variations]"
Add component (AddParameter): Name = "LatestRevisionNote"; Value = "Re-released for DXP Platform."; VariantName = "[No Variations]"
Add component (AddParameter): Name = "PackageReference"; Value = "AXIAL-0.3"; VariantName = "[No Variations]"
Add component (AddParameter): Name = "Published"; Value = "8-Jun-2000"; VariantName = "[No Variations]"
Add component (AddParameter): Name = "Publisher"; Value = "Altium Limited"; VariantName = "[No Variations]"
Added Component: Designator=RLED4(1206_Res)
Add component (AddParameter): Name = "LatestRevisionDate"; Value = "17-Jul-2002"; VariantName = "[No Variations]"
Add component (AddParameter): Name = "LatestRevisionNote"; Value = "Re-released for DXP Platform."; VariantName = "[No Variations]"
Add component (AddParameter): Name = "PackageReference"; Value = "AXIAL-0.3"; VariantName = "[No Variations]"
Add component (AddParameter): Name = "Published"; Value = "8-Jun-2000"; VariantName = "[No Variations]"
Add component (AddParameter): Name = "Publisher"; Value = "Altium Limited"; VariantName = "[No Variations]"
Added Component: Designator=Shit LED1(1206_Res)
Add component (AddParameter): Name = "LatestRevisionDate"; Value = "17-Jul-2002"; VariantName = "[No Variations]"
Add component (AddParameter): Name = "LatestRevisionNote"; Value = "Re-released for DXP Platform."; VariantName = "[No Variations]"
Add component (AddParameter): Name = "PackageReference"; Value = "AXIAL-0.3"; VariantName = "[No Variations]"
Add component (AddParameter): Name = "Published"; Value = "8-Jun-2000"; VariantName = "[No Variations]"
Add component (AddParameter): Name = "Publisher"; Value = "Altium Limited"; VariantName = "[No Variations]"
Added Component: Designator=Shit LED2(1206_Res)
Add component (AddParameter): Name = "LatestRevisionDate"; Value = "17-Jul-2002"; VariantName = "[No Variations]"
Add component (AddParameter): Name = "LatestRevisionNote"; Value = "Re-released for DXP Platform."; VariantName = "[No Variations]"
Add component (AddParameter): Name = "PackageReference"; Value = "AXIAL-0.3"; VariantName = "[No Variations]"
Add component (AddParameter): Name = "Published"; Value = "8-Jun-2000"; VariantName = "[No Variations]"
Add component (AddParameter): Name = "Publisher"; Value = "Altium Limited"; VariantName = "[No Variations]"
Add Component: Footprint Not Found BUZZER 7.62mm DC
Added Component: Designator=VR1(07D XXX)
Add component (AddParameter): Name = "Data"; Value = "2017-1-5"; VariantName = "[No Variations]"
Add component (AddParameter): Name = "Designer"; Value = "Abbas Basereh"; VariantName = "[No Variations]"
Add component (AddParameter): Name = "Link"; Value = "digikey.com"; VariantName = "[No Variations]"
Add component (AddParameter): Name = "Manufacturer"; Value = "china-canada-philipina"; VariantName = "[No Variations]"
Add component (AddParameter): Name = "Models"; Value = "MOV-VDR-COV"; VariantName = "[No Variations]"
Add component (AddParameter): Name = "Part. No"; Value = ""; VariantName = "[No Variations]"
Add component (AddParameter): Name = "PUBLISHER"; Value = "ABBAS BASEREH"; VariantName = "[No Variations]"
Add component (AddParameter): Name = "VALUE"; Value = "xxDxxx"; VariantName = "[No Variations]"
Added Component: Designator=Y1(Crystal)
Add component (AddParameter): Name = "LatestRevisionDate"; Value = "17-Jul-2002"; VariantName = "[No Variations]"
Add component (AddParameter): Name = "LatestRevisionNote"; Value = "Re-released for DXP Platform."; VariantName = "[No Variations]"
Add component (AddParameter): Name = "PackageReference"; Value = "R38"; VariantName = "[No Variations]"
Add component (AddParameter): Name = "Published"; Value = "8-Jun-2000"; VariantName = "[No Variations]"
Add component (AddParameter): Name = "Publisher"; Value = "Altium Limited"; VariantName = "[No Variations]"
Add Component: Footprint Not Found XTAL_ABS25-32.768KHZ-6-1-T
Added Pin To Net: NetName=+4V2 Pin=1SMA4731A-2
Added Pin To Net: NetName=+4V2 Pin=J1-2
Added Pin To Net: NetName=+4V2 Pin=J2-2
Added Net: Name=+4V2
Added Pin To Net: NetName=+5V_SW Pin=2-3
Added Pin To Net: NetName=+5V_SW Pin=AMS1-3
Added Pin To Net: NetName=+5V_SW Pin=BZT1-2
Added Pin To Net: NetName=+5V_SW Pin=C4-1
Added Pin To Net: NetName=+5V_SW Pin=C7-2
Added Pin To Net: NetName=+5V_SW Pin=C9-1
Added Pin To Net: NetName=+5V_SW Pin=C11-2
Added Pin To Net: NetName=+5V_SW Pin=DP1-1
Added Pin To Net: NetName=+5V_SW Pin=DP3-2
Added Pin To Net: NetName=+5V_SW Pin=J1-1
Added Pin To Net: NetName=+5V_SW Pin=J2-1
Added Pin To Net: NetName=+5V_SW Pin=L1-2
Added Pin To Net: NetName=+5V_SW Pin=LCD-2
Added Pin To Net: NetName=+5V_SW Pin=LCD-15
Added Pin To Net: NetName=+5V_SW Pin=LM35-1
Added Pin To Net: NetName=+5V_SW Pin=R9-2
Added Pin To Net: NetName=+5V_SW Pin=Shit LED1-2
Added Net: Name=+5V_SW
Added Pin To Net: NetName=+VDC_IN Pin=*1-7
Added Pin To Net: NetName=+VDC_IN Pin=C5-1
Added Pin To Net: NetName=+VDC_IN Pin=D2-2
Added Pin To Net: NetName=+VDC_IN Pin=R6-2
Added Net: Name=+VDC_IN
Added Pin To Net: NetName=3.3V analog Pin=C VDDA1-2
Added Pin To Net: NetName=3.3V analog Pin=C VDDA2-2
Added Pin To Net: NetName=3.3V analog Pin=Ferrite bead1-2
Added Pin To Net: NetName=3.3V analog Pin=MCU-9
Added Net: Name=3.3V analog
Added Pin To Net: NetName=3V3 Pin=1-2
Added Pin To Net: NetName=3V3 Pin=AMS1-2
Added Pin To Net: NetName=3V3 Pin=AMS1-4
Added Pin To Net: NetName=3V3 Pin=BOOT0-3
Added Pin To Net: NetName=3V3 Pin=BOOT1-3
Added Pin To Net: NetName=3V3 Pin=C8-2
Added Pin To Net: NetName=3V3 Pin=C10-1
Added Pin To Net: NetName=3V3 Pin=CByPass1-2
Added Pin To Net: NetName=3V3 Pin=CByPass2-2
Added Pin To Net: NetName=3V3 Pin=CByPass3-2
Added Pin To Net: NetName=3V3 Pin=CByPass4-2
Added Pin To Net: NetName=3V3 Pin=DP3-1
Added Pin To Net: NetName=3V3 Pin=Ferrite bead1-1
Added Pin To Net: NetName=3V3 Pin=J1-3
Added Pin To Net: NetName=3V3 Pin=J2-3
Added Pin To Net: NetName=3V3 Pin=MCU-24
Added Pin To Net: NetName=3V3 Pin=MCU-36
Added Pin To Net: NetName=3V3 Pin=MCU-48
Added Pin To Net: NetName=3V3 Pin=PROGRAM1-5
Added Pin To Net: NetName=3V3 Pin=R1-2
Added Pin To Net: NetName=3V3 Pin=R2-2
Added Pin To Net: NetName=3V3 Pin=R_RST1-2
Added Pin To Net: NetName=3V3 Pin=Shit LED2-2
Added Net: Name=3V3
Added Pin To Net: NetName=12V_IN Pin=DC Power Jack1-1
Added Pin To Net: NetName=12V_IN Pin=DC Power Jack1-1
Added Pin To Net: NetName=12V_IN Pin=DC Power Jack1-1
Added Pin To Net: NetName=12V_IN Pin=DC Power Jack1-1
Added Pin To Net: NetName=12V_IN Pin=DC Power Jack1-1
Added Pin To Net: NetName=12V_IN Pin=DC Power Jack1-1
Added Pin To Net: NetName=12V_IN Pin=DC Power Jack1-1
Added Pin To Net: NetName=12V_IN Pin=DP2-2
Added Pin To Net: NetName=12V_IN Pin=F1-1
Added Net: Name=12V_IN
Added Pin To Net: NetName=4462_EN Pin=*1-2
Added Pin To Net: NetName=4462_EN Pin=R5-1
Added Pin To Net: NetName=4462_EN Pin=R6-1
Added Net: Name=4462_EN
Added Pin To Net: NetName=BOOT0 Pin=MCU-44
Added Pin To Net: NetName=BOOT0 Pin=R3-1
Added Net: Name=BOOT0
Added Pin To Net: NetName=BOOT1 Pin=MCU-20
Added Pin To Net: NetName=BOOT1 Pin=R4-1
Added Net: Name=BOOT1
Added Pin To Net: NetName=Buzzer Pin=J2-4
Added Pin To Net: NetName=Buzzer Pin=MCU-10
Added Pin To Net: NetName=Buzzer Pin=R20-2
Added Net: Name=Buzzer
Added Pin To Net: NetName=CS_LoRa Pin=MCU-25
Added Net: Name=CS_LoRa
Added Pin To Net: NetName=DIO0_LoRa Pin=MCU-29
Added Net: Name=DIO0_LoRa
Added Pin To Net: NetName=GND analog Pin=C VDDA1-1
Added Pin To Net: NetName=GND analog Pin=C VDDA2-1
Added Pin To Net: NetName=GND analog Pin=Ferrite bead2-2
Added Pin To Net: NetName=GND analog Pin=MCU-8
Added Net: Name=GND analog
Added Pin To Net: NetName=GND Pin=1-1
Added Pin To Net: NetName=GND Pin=1SMA4731A-1
Added Pin To Net: NetName=GND Pin=2-1
Added Pin To Net: NetName=GND Pin=*1-5
Added Pin To Net: NetName=GND Pin=*1-9
Added Pin To Net: NetName=GND Pin=AMS1-1
Added Pin To Net: NetName=GND Pin=Battery2-1
Added Pin To Net: NetName=GND Pin=BOOT0-1
Added Pin To Net: NetName=GND Pin=BOOT1-1
Added Pin To Net: NetName=GND Pin=BZT1-1
Added Pin To Net: NetName=GND Pin=C1-1
Added Pin To Net: NetName=GND Pin=C4-2
Added Pin To Net: NetName=GND Pin=C5-2
Added Pin To Net: NetName=GND Pin=C5-2
Added Pin To Net: NetName=GND Pin=C7-1
Added Pin To Net: NetName=GND Pin=C8-1
Added Pin To Net: NetName=GND Pin=C9-2
Added Pin To Net: NetName=GND Pin=C10-2
Added Pin To Net: NetName=GND Pin=C11-1
Added Pin To Net: NetName=GND Pin=C_Crystal1-1
Added Pin To Net: NetName=GND Pin=C_Crystal2-1
Added Pin To Net: NetName=GND Pin=CByPass1-1
Added Pin To Net: NetName=GND Pin=CByPass2-1
Added Pin To Net: NetName=GND Pin=CByPass3-1
Added Pin To Net: NetName=GND Pin=CByPass4-1
Added Pin To Net: NetName=GND Pin=D1-1
Added Pin To Net: NetName=GND Pin=D3-A
Added Pin To Net: NetName=GND Pin=DC Power Jack1-2
Added Pin To Net: NetName=GND Pin=DC Power Jack1-2
Added Pin To Net: NetName=GND Pin=DC Power Jack1-2
Added Pin To Net: NetName=GND Pin=DC Power Jack1-2
Added Pin To Net: NetName=GND Pin=DC Power Jack1-2
Added Pin To Net: NetName=GND Pin=DP1-2
Added Pin To Net: NetName=GND Pin=Ferrite bead2-1
Added Pin To Net: NetName=GND Pin=J1-8
Added Pin To Net: NetName=GND Pin=J2-16
Added Pin To Net: NetName=GND Pin=LCD-1
Added Pin To Net: NetName=GND Pin=LED_AMS1-1
Added Pin To Net: NetName=GND Pin=LED_MP1-1
Added Pin To Net: NetName=GND Pin=LM35-3
Added Pin To Net: NetName=GND Pin=MCU-23
Added Pin To Net: NetName=GND Pin=MCU-35
Added Pin To Net: NetName=GND Pin=MCU-47
Added Pin To Net: NetName=GND Pin=PROGRAM1-1
Added Pin To Net: NetName=GND Pin=Q1-2
Added Pin To Net: NetName=GND Pin=R5-2
Added Pin To Net: NetName=GND Pin=R7-2
Added Pin To Net: NetName=GND Pin=R8-1
Added Pin To Net: NetName=GND Pin=R10-1
Added Pin To Net: NetName=GND Pin=R14-2
Added Pin To Net: NetName=GND Pin=R15-1
Added Pin To Net: NetName=GND Pin=R16-1
Added Pin To Net: NetName=GND Pin=R17-1
Added Pin To Net: NetName=GND Pin=R18-1
Added Pin To Net: NetName=GND Pin=RESET1-2
Added Pin To Net: NetName=GND Pin=RESET1-2
Added Pin To Net: NetName=GND Pin=RLED1-2
Added Pin To Net: NetName=GND Pin=RLED2-2
Added Pin To Net: NetName=GND Pin=RLED3-2
Added Pin To Net: NetName=GND Pin=RLED4-2
Added Pin To Net: NetName=GND Pin=VR1-1
Added Net: Name=GND
Added Pin To Net: NetName=LCD_D4 Pin=LCD-11
Added Pin To Net: NetName=LCD_D4 Pin=MCU-40
Added Net: Name=LCD_D4
Added Pin To Net: NetName=LCD_D5 Pin=LCD-12
Added Pin To Net: NetName=LCD_D5 Pin=MCU-41
Added Net: Name=LCD_D5
Added Pin To Net: NetName=LCD_D6 Pin=LCD-13
Added Pin To Net: NetName=LCD_D6 Pin=MCU-45
Added Net: Name=LCD_D6
Added Pin To Net: NetName=LCD_D7 Pin=LCD-14
Added Pin To Net: NetName=LCD_D7 Pin=MCU-46
Added Net: Name=LCD_D7
Added Pin To Net: NetName=LCD_EN Pin=LCD-6
Added Pin To Net: NetName=LCD_EN Pin=MCU-38
Added Net: Name=LCD_EN
Added Pin To Net: NetName=LCD_RS Pin=LCD-4
Added Pin To Net: NetName=LCD_RS Pin=MCU-32
Added Net: Name=LCD_RS
Added Pin To Net: NetName=LCD_RW Pin=LCD-5
Added Pin To Net: NetName=LCD_RW Pin=MCU-33
Added Net: Name=LCD_RW
Added Pin To Net: NetName=LM35 Pin=J2-5
Added Pin To Net: NetName=LM35 Pin=MCU-11
Added Pin To Net: NetName=LM35 Pin=R_LM35-2
Added Net: Name=LM35
Added Pin To Net: NetName=MISO_LoRa Pin=MCU-27
Added Net: Name=MISO_LoRa
Added Pin To Net: NetName=MOSI_LoRa Pin=MCU-28
Added Net: Name=MOSI_LoRa
Added Pin To Net: NetName=Net2_2 Pin=2-2
Added Pin To Net: NetName=Net2_2 Pin=LCD-3
Added Net: Name=Net2_2
Added Pin To Net: NetName=Net*1_1 Pin=*1-1
Added Pin To Net: NetName=Net*1_1 Pin=C2-1
Added Pin To Net: NetName=Net*1_1 Pin=D1-2
Added Pin To Net: NetName=Net*1_1 Pin=L1-1
Added Net: Name=Net*1_1
Added Pin To Net: NetName=Net*1_3 Pin=*1-3
Added Pin To Net: NetName=Net*1_3 Pin=C3-2
Added Net: Name=Net*1_3
Added Pin To Net: NetName=Net*1_4 Pin=*1-4
Added Pin To Net: NetName=Net*1_4 Pin=R9-1
Added Pin To Net: NetName=Net*1_4 Pin=R10-2
Added Net: Name=Net*1_4
Added Pin To Net: NetName=Net*1_6 Pin=*1-6
Added Pin To Net: NetName=Net*1_6 Pin=R8-2
Added Net: Name=Net*1_6
Added Pin To Net: NetName=Net*1_8 Pin=*1-8
Added Pin To Net: NetName=Net*1_8 Pin=C2-2
Added Net: Name=Net*1_8
Added Pin To Net: NetName=NetBattery1_1 Pin=Battery1-1
Added Pin To Net: NetName=NetBattery1_1 Pin=Battery2-2
Added Net: Name=NetBattery1_1
Added Pin To Net: NetName=NetBattery1_2 Pin=Battery1-2
Added Pin To Net: NetName=NetBattery1_2 Pin=DP2-1
Added Net: Name=NetBattery1_2
Added Pin To Net: NetName=NetBOOT0_2 Pin=BOOT0-2
Added Pin To Net: NetName=NetBOOT0_2 Pin=R3-2
Added Net: Name=NetBOOT0_2
Added Pin To Net: NetName=NetBOOT1_2 Pin=BOOT1-2
Added Pin To Net: NetName=NetBOOT1_2 Pin=R4-2
Added Net: Name=NetBOOT1_2
Added Pin To Net: NetName=NetC3_1 Pin=C3-1
Added Pin To Net: NetName=NetC3_1 Pin=R7-1
Added Net: Name=NetC3_1
Added Pin To Net: NetName=NetC_Oscillator1_1 Pin=C_Oscillator1-1
Added Pin To Net: NetName=NetC_Oscillator1_1 Pin=C_Oscillator2-1
Added Net: Name=NetC_Oscillator1_1
Added Net: Name=NetDP4_1
Added Net: Name=NetIC1_1
Added Net: Name=NetIC1_5
Added Pin To Net: NetName=NetLCD_7 Pin=LCD-7
Added Pin To Net: NetName=NetLCD_7 Pin=R15-2
Added Net: Name=NetLCD_7
Added Pin To Net: NetName=NetLCD_8 Pin=LCD-8
Added Pin To Net: NetName=NetLCD_8 Pin=R16-2
Added Net: Name=NetLCD_8
Added Pin To Net: NetName=NetLCD_9 Pin=LCD-9
Added Pin To Net: NetName=NetLCD_9 Pin=R17-2
Added Net: Name=NetLCD_9
Added Pin To Net: NetName=NetLCD_10 Pin=LCD-10
Added Pin To Net: NetName=NetLCD_10 Pin=R18-2
Added Net: Name=NetLCD_10
Added Pin To Net: NetName=NetLCD_16 Pin=LCD-16
Added Pin To Net: NetName=NetLCD_16 Pin=R14-1
Added Net: Name=NetLCD_16
Added Pin To Net: NetName=NetLED1_1 Pin=LED1-1
Added Pin To Net: NetName=NetLED1_1 Pin=R_PWM1-2
Added Net: Name=NetLED1_1
Added Pin To Net: NetName=NetLED1_2 Pin=LED1-2
Added Pin To Net: NetName=NetLED1_2 Pin=RLED1-1
Added Net: Name=NetLED1_2
Added Pin To Net: NetName=NetLED2_1 Pin=LED2-1
Added Pin To Net: NetName=NetLED2_1 Pin=R_PWM2-2
Added Net: Name=NetLED2_1
Added Pin To Net: NetName=NetLED2_2 Pin=LED2-2
Added Pin To Net: NetName=NetLED2_2 Pin=RLED2-1
Added Net: Name=NetLED2_2
Added Pin To Net: NetName=NetLED3_1 Pin=LED3-1
Added Pin To Net: NetName=NetLED3_1 Pin=R_PWM3-2
Added Net: Name=NetLED3_1
Added Pin To Net: NetName=NetLED3_2 Pin=LED3-2
Added Pin To Net: NetName=NetLED3_2 Pin=RLED3-1
Added Net: Name=NetLED3_2
Added Pin To Net: NetName=NetLED4_1 Pin=LED4-1
Added Pin To Net: NetName=NetLED4_1 Pin=R_PWM4-2
Added Net: Name=NetLED4_1
Added Pin To Net: NetName=NetLED4_2 Pin=LED4-2
Added Pin To Net: NetName=NetLED4_2 Pin=RLED4-1
Added Net: Name=NetLED4_2
Added Pin To Net: NetName=NetLED_AMS1_2 Pin=LED_AMS1-2
Added Pin To Net: NetName=NetLED_AMS1_2 Pin=Shit LED2-1
Added Net: Name=NetLED_AMS1_2
Added Pin To Net: NetName=NetLED_MP1_2 Pin=LED_MP1-2
Added Pin To Net: NetName=NetLED_MP1_2 Pin=Shit LED1-1
Added Net: Name=NetLED_MP1_2
Added Pin To Net: NetName=NetLM35_2 Pin=LM35-2
Added Pin To Net: NetName=NetLM35_2 Pin=R_LM35-1
Added Net: Name=NetLM35_2
Added Pin To Net: NetName=NetQ1_3 Pin=Q1-3
Added Net: Name=NetQ1_3
Added Pin To Net: NetName=NetR20_1 Pin=R20-1
Added Net: Name=NetR20_1
Added Pin To Net: NetName=NRST Pin=C1-2
Added Pin To Net: NetName=NRST Pin=MCU-7
Added Pin To Net: NetName=NRST Pin=PROGRAM1-4
Added Pin To Net: NetName=NRST Pin=R_RST1-1
Added Pin To Net: NetName=NRST Pin=RESET1-1
Added Pin To Net: NetName=NRST Pin=RESET1-1
Added Net: Name=NRST
Added Pin To Net: NetName=OSC32_IN Pin=C_Crystal1-2
Added Pin To Net: NetName=OSC32_IN Pin=MCU-3
Added Net: Name=OSC32_IN
Added Pin To Net: NetName=OSC32_OUT Pin=C_Crystal2-2
Added Pin To Net: NetName=OSC32_OUT Pin=MCU-4
Added Net: Name=OSC32_OUT
Added Pin To Net: NetName=OSC_IN Pin=C_Oscillator1-2
Added Pin To Net: NetName=OSC_IN Pin=MCU-5
Added Pin To Net: NetName=OSC_IN Pin=Y1-2
Added Net: Name=OSC_IN
Added Pin To Net: NetName=OSC_OUT Pin=C_Oscillator2-2
Added Pin To Net: NetName=OSC_OUT Pin=MCU-6
Added Pin To Net: NetName=OSC_OUT Pin=Y1-1
Added Net: Name=OSC_OUT
Added Pin To Net: NetName=PA2 Pin=J2-6
Added Pin To Net: NetName=PA2 Pin=MCU-12
Added Net: Name=PA2
Added Pin To Net: NetName=PA3 Pin=J2-7
Added Pin To Net: NetName=PA3 Pin=MCU-13
Added Net: Name=PA3
Added Pin To Net: NetName=PA4 Pin=J2-8
Added Pin To Net: NetName=PA4 Pin=MCU-14
Added Net: Name=PA4
Added Pin To Net: NetName=PA5 Pin=J2-9
Added Pin To Net: NetName=PA5 Pin=MCU-15
Added Net: Name=PA5
Added Pin To Net: NetName=PA9 Pin=J1-7
Added Pin To Net: NetName=PA9 Pin=MCU-30
Added Net: Name=PA9
Added Pin To Net: NetName=PA10 Pin=J1-6
Added Pin To Net: NetName=PA10 Pin=MCU-31
Added Net: Name=PA10
Added Pin To Net: NetName=PB6 Pin=J1-4
Added Pin To Net: NetName=PB6 Pin=MCU-42
Added Net: Name=PB6
Added Pin To Net: NetName=PB7 Pin=J1-5
Added Pin To Net: NetName=PB7 Pin=MCU-43
Added Net: Name=PB7
Added Pin To Net: NetName=PB10 Pin=J2-14
Added Pin To Net: NetName=PB10 Pin=MCU-21
Added Net: Name=PB10
Added Pin To Net: NetName=PB11 Pin=J2-15
Added Pin To Net: NetName=PB11 Pin=MCU-22
Added Net: Name=PB11
Added Pin To Net: NetName=PWM_LED1 Pin=J2-10
Added Pin To Net: NetName=PWM_LED1 Pin=MCU-16
Added Pin To Net: NetName=PWM_LED1 Pin=R_PWM1-1
Added Net: Name=PWM_LED1
Added Pin To Net: NetName=PWM_LED2 Pin=J2-11
Added Pin To Net: NetName=PWM_LED2 Pin=MCU-17
Added Pin To Net: NetName=PWM_LED2 Pin=R_PWM2-1
Added Net: Name=PWM_LED2
Added Pin To Net: NetName=PWM_LED3 Pin=J2-12
Added Pin To Net: NetName=PWM_LED3 Pin=MCU-18
Added Pin To Net: NetName=PWM_LED3 Pin=R_PWM3-1
Added Net: Name=PWM_LED3
Added Pin To Net: NetName=PWM_LED4 Pin=J2-13
Added Pin To Net: NetName=PWM_LED4 Pin=MCU-19
Added Pin To Net: NetName=PWM_LED4 Pin=R_PWM4-1
Added Net: Name=PWM_LED4
Added Pin To Net: NetName=RST_LoRa Pin=MCU-39
Added Net: Name=RST_LoRa
Added Pin To Net: NetName=SCK_LoRa Pin=MCU-26
Added Net: Name=SCK_LoRa
Added Pin To Net: NetName=SWCLK Pin=MCU-37
Added Pin To Net: NetName=SWCLK Pin=PROGRAM1-2
Added Pin To Net: NetName=SWCLK Pin=R2-1
Added Net: Name=SWCLK
Added Pin To Net: NetName=SWDIO Pin=MCU-34
Added Pin To Net: NetName=SWDIO Pin=PROGRAM1-3
Added Pin To Net: NetName=SWDIO Pin=R1-1
Added Net: Name=SWDIO
Added Pin To Net: NetName=VBAT Pin=MCU-1
Added Net: Name=VBAT
Added Pin To Net: NetName=Vin_CH_reg Pin=D2-1
Added Pin To Net: NetName=Vin_CH_reg Pin=D3-C
Added Pin To Net: NetName=Vin_CH_reg Pin=F1-2
Added Pin To Net: NetName=Vin_CH_reg Pin=VR1-2
Added Net: Name=Vin_CH_reg
Added Class: Name=ADC
Added Class: Name=Communications_Chip
Added Class: Name=MCU_stm32f103c8t6
Added Class: Name=Power
Added Class: Name=UI
