Removed Pin From Net: NetName=GND Pin=C1-1
Removed Pin From Net: NetName=NRST Pin=C1-2
Removed Pin From Net: NetName=GND Pin=C_Crystal1-1
Removed Pin From Net: NetName=OSC32_IN Pin=C_Crystal1-2
Removed Pin From Net: NetName=GND Pin=C_Crystal2-1
Removed Pin From Net: NetName=OSC32_OUT Pin=C_Crystal2-2
Removed Pin From Net: NetName=OSC_IN Pin=C_Oscillator1-2
Removed Pin From Net: NetName=OSC_OUT Pin=C_Oscillator2-2
Removed Pin From Net: NetName=GND Pin=CByPass1-1
Removed Pin From Net: NetName=3V3 Pin=CByPass1-2
Removed Pin From Net: NetName=GND Pin=CByPass2-1
Removed Pin From Net: NetName=3V3 Pin=CByPass2-2
Removed Pin From Net: NetName=GND Pin=CByPass3-1
Removed Pin From Net: NetName=3V3 Pin=CByPass3-2
Removed Pin From Net: NetName=GND analog Pin=C VDDA1-1
Removed Pin From Net: NetName=3.3V analog Pin=C VDDA1-2
Removed Pin From Net: NetName=GND analog Pin=C VDDA2-1
Removed Pin From Net: NetName=3.3V analog Pin=C VDDA2-2
Removed Pin From Net: NetName=PA3 Pin=MCU- 
Change Component DesignItemId : Designator=CByPass4 Old DesignItemId=CAP SMD 1206 New DesignItemId=CAP SMD_0805
Change Component Footprint: Designator=CByPass4 Old Footprint=CAPC4817X12N New Footprint=MY_CAP_SMD_0805
Change Component Designator: OldDesignator=S? NewDesignator=S1
Change Component Description : Designator=CByPass4 Old Description=CAP 1206 New Description=2.0 mm × 1.25 mm
Change Component Library : Designator=CByPass4 Old Library=Altium.IntLib New Library=AMINLIB.IntLib
Change component parameters: Designator = "CByPass4" ("CByPass4"); Footprint = "CAPC4817X12N"; UniqueID = "\NAAJVZYX" ("\NAAJVZYX")
Added Component: Designator=C1(MY_CAP_SMD_0805)
Added Component: Designator=C_Crystal1(MY_CAP_SMD_0805)
Added Component: Designator=C_Crystal2(MY_CAP_SMD_0805)
Added Component: Designator=C_Oscillator1(MY_CAP_SMD_0805)
Added Component: Designator=C_Oscillator2(MY_CAP_SMD_0805)
Added Component: Designator=CByPass1(MY_CAP_SMD_0805)
Added Component: Designator=CByPass2(MY_CAP_SMD_0805)
Added Component: Designator=CByPass3(MY_CAP_SMD_0805)
Added Component: Designator=C VDDA1(MY_CAP_SMD_0805)
Added Component: Designator=C VDDA2(MY_CAP_SMD_0805)
Added Pin To Net: NetName=GND Pin=C1-1
Added Pin To Net: NetName=NRST Pin=C1-2
Added Pin To Net: NetName=OSC32_IN Pin=C_Crystal1-1
Added Pin To Net: NetName=GND Pin=C_Crystal1-2
Added Pin To Net: NetName=OSC32_OUT Pin=C_Crystal2-1
Added Pin To Net: NetName=GND Pin=C_Crystal2-2
Added Pin To Net: NetName=OSC_IN Pin=C_Oscillator1-1
Added Pin To Net: NetName=OSC_OUT Pin=C_Oscillator2-1
Added Pin To Net: NetName=GND Pin=CByPass1-1
Added Pin To Net: NetName=3V3 Pin=CByPass1-2
Added Pin To Net: NetName=GND Pin=CByPass2-1
Added Pin To Net: NetName=3V3 Pin=CByPass2-2
Added Pin To Net: NetName=GND Pin=CByPass3-1
Added Pin To Net: NetName=3V3 Pin=CByPass3-2
Added Pin To Net: NetName=GND analog Pin=C VDDA1-1
Added Pin To Net: NetName=3.3V analog Pin=C VDDA1-2
Added Pin To Net: NetName=GND analog Pin=C VDDA2-1
Added Pin To Net: NetName=3.3V analog Pin=C VDDA2-2
Add Pin To Net: Unknown Pin: Pin MCU-13
Added Pin To Net: NetName=NetC_Oscillator1_2 Pin=C_Oscillator1-2
Added Pin To Net: NetName=NetC_Oscillator1_2 Pin=C_Oscillator2-2
Added Net: Name=NetC_Oscillator1_2
Added Member To Class: ClassName=UI Member=Component LCD
