Change Component Designator: Old Designator=C? New Designator=C1
Change Component Designator: Old Designator=C_Crystal? New Designator=C_Crystal1
Change Component Designator: Old Designator=C_Crystal? New Designator=C_Crystal2
Change Component Designator: Old Designator=C_Oscillator? New Designator=C_Oscillator1
Change Component Designator: Old Designator=C_Oscillator? New Designator=C_Oscillator2
Change Component Designator: Old Designator=CByPass? New Designator=CByPass1
Change Component Designator: Old Designator=CByPass? New Designator=CByPass2
Change Component Designator: Old Designator=CByPass? New Designator=CByPass3
Change Component Designator: Old Designator=CByPass? New Designator=CByPass4
Change Component Designator: Old Designator=C VDDA? New Designator=C VDDA1
Change Component Designator: Old Designator=C VDDA? New Designator=C VDDA2
Change Component Designator: Old Designator=Ferrite bead? New Designator=Ferrite bead1
Change Component Designator: Old Designator=Ferrite bead? New Designator=Ferrite bead2
Change Component Designator: Old Designator=J? New Designator=J1
Change Component Designator: Old Designator=J? New Designator=J2
Change Component Designator: Old Designator=PROGRAM? New Designator=PROGRAM1
Change Component Designator: Old Designator=R? New Designator=R1
Change Component Designator: Old Designator=R? New Designator=R2
Change Component Designator: Old Designator=R? New Designator=R3
Change Component Designator: Old Designator=R? New Designator=R4
Change Component Designator: Old Designator=R_RST? New Designator=R_RST1
Change Component Designator: Old Designator=RESET? New Designator=RESET1
Change Component Designator: Old Designator=Y? New Designator=Y1
Change Component Designator: Old Designator=Y? New Designator=Y2
