Change Component Designator: Old Designator=*? New Designator=*1
Change Component Designator: Old Designator=? New Designator=1
Change Component Designator: Old Designator=AMS? New Designator=AMS1
Change Component Designator: Old Designator=Battery? New Designator=Battery1
Change Component Designator: Old Designator=Battery? New Designator=Battery2
Change Component Designator: Old Designator=BZT? New Designator=BZT1
Change Component Designator: Old Designator=C? New Designator=C2
Change Component Designator: Old Designator=C? New Designator=C3
Change Component Designator: Old Designator=C? New Designator=C4
Change Component Designator: Old Designator=C? New Designator=C5
Change Component Designator: Old Designator=C? New Designator=C6
Change Component Designator: Old Designator=C? New Designator=C7
Change Component Designator: Old Designator=C? New Designator=C8
Change Component Designator: Old Designator=C? New Designator=C9
Change Component Designator: Old Designator=C? New Designator=C10
Change Component Designator: Old Designator=D? New Designator=D1
Change Component Designator: Old Designator=D? New Designator=D2
Change Component Designator: Old Designator=D? New Designator=D3
Change Component Designator: Old Designator=D? New Designator=D4
Change Component Designator: Old Designator=DC Power Jack? New Designator=DC Power Jack1
Change Component Designator: Old Designator=DP? New Designator=DP1
Change Component Designator: Old Designator=DP? New Designator=DP2
Change Component Designator: Old Designator=DP? New Designator=DP3
Change Component Designator: Old Designator=F? New Designator=F1
Change Component Designator: Old Designator=IC? New Designator=IC1
Change Component Designator: Old Designator=L? New Designator=L1
Change Component Designator: Old Designator=LED_AMS? New Designator=LED_AMS1
Change Component Designator: Old Designator=LED_MP? New Designator=LED_MP1
Change Component Designator: Old Designator=R? New Designator=R5
Change Component Designator: Old Designator=R? New Designator=R6
Change Component Designator: Old Designator=R? New Designator=R7
Change Component Designator: Old Designator=R? New Designator=R8
Change Component Designator: Old Designator=R? New Designator=R9
Change Component Designator: Old Designator=R? New Designator=R10
Change Component Designator: Old Designator=R? New Designator=R11
Change Component Designator: Old Designator=R? New Designator=R12
Change Component Designator: Old Designator=R? New Designator=R13
Change Component Designator: Old Designator=Shit LED? New Designator=Shit LED1
Change Component Designator: Old Designator=Shit LED? New Designator=Shit LED2
Change Component Designator: Old Designator=VR? New Designator=VR1
